This is pdfTeX, Version 3.141592653-2.6-1.40.25 (TeX Live 2023) (preloaded format=pdflatex 2023.7.1)  2 JUL 2023 10:31
entering extended mode
 restricted \write18 enabled.
 %&-line parsing enabled.
**S1_Informe.tex
(./S1_Informe.tex
LaTeX2e <2023-06-01> patch level 1
L3 programming layer <2023-06-30>
(c:/Users/Sierpe/AppData/Roaming/TinyTeX/texmf-dist/tex/latex/base/article.cls
Document Class: article 2023/05/17 v1.4n Standard LaTeX document class
(c:/Users/Sierpe/AppData/Roaming/TinyTeX/texmf-dist/tex/latex/base/size10.clo
File: size10.clo 2023/05/17 v1.4n Standard LaTeX file (size option)
)
\c@part=\count185
\c@section=\count186
\c@subsection=\count187
\c@subsubsection=\count188
\c@paragraph=\count189
\c@subparagraph=\count190
\c@figure=\count191
\c@table=\count192
\abovecaptionskip=\skip48
\belowcaptionskip=\skip49
\bibindent=\dimen140
) (c:/Users/Sierpe/AppData/Roaming/TinyTeX/texmf-dist/tex/latex/amsmath/amsmath.sty
Package: amsmath 2023/05/13 v2.17o AMS math features
\@mathmargin=\skip50
For additional information on amsmath, use the `?' option.
(c:/Users/Sierpe/AppData/Roaming/TinyTeX/texmf-dist/tex/latex/amsmath/amstext.sty
Package: amstext 2021/08/26 v2.01 AMS text
(c:/Users/Sierpe/AppData/Roaming/TinyTeX/texmf-dist/tex/latex/amsmath/amsgen.sty
File: amsgen.sty 1999/11/30 v2.0 generic functions
\@emptytoks=\toks17
\ex@=\dimen141
)) (c:/Users/Sierpe/AppData/Roaming/TinyTeX/texmf-dist/tex/latex/amsmath/amsbsy.sty
Package: amsbsy 1999/11/29 v1.2d Bold Symbols
\pmbraise@=\dimen142
) (c:/Users/Sierpe/AppData/Roaming/TinyTeX/texmf-dist/tex/latex/amsmath/amsopn.sty
Package: amsopn 2022/04/08 v2.04 operator names
)
\inf@bad=\count193
LaTeX Info: Redefining \frac on input line 234.
\uproot@=\count194
\leftroot@=\count195
LaTeX Info: Redefining \overline on input line 399.
LaTeX Info: Redefining \colon on input line 410.
\classnum@=\count196
\DOTSCASE@=\count197
LaTeX Info: Redefining \ldots on input line 496.
LaTeX Info: Redefining \dots on input line 499.
LaTeX Info: Redefining \cdots on input line 620.
\Mathstrutbox@=\box51
\strutbox@=\box52
LaTeX Info: Redefining \big on input line 722.
LaTeX Info: Redefining \Big on input line 723.
LaTeX Info: Redefining \bigg on input line 724.
LaTeX Info: Redefining \Bigg on input line 725.
\big@size=\dimen143
LaTeX Font Info:    Redeclaring font encoding OML on input line 743.
LaTeX Font Info:    Redeclaring font encoding OMS on input line 744.
\macc@depth=\count198
LaTeX Info: Redefining \bmod on input line 905.
LaTeX Info: Redefining \pmod on input line 910.
LaTeX Info: Redefining \smash on input line 940.
LaTeX Info: Redefining \relbar on input line 970.
LaTeX Info: Redefining \Relbar on input line 971.
\c@MaxMatrixCols=\count199
\dotsspace@=\muskip16
\c@parentequation=\count266
\dspbrk@lvl=\count267
\tag@help=\toks18
\row@=\count268
\column@=\count269
\maxfields@=\count270
\andhelp@=\toks19
\eqnshift@=\dimen144
\alignsep@=\dimen145
\tagshift@=\dimen146
\tagwidth@=\dimen147
\totwidth@=\dimen148
\lineht@=\dimen149
\@envbody=\toks20
\multlinegap=\skip51
\multlinetaggap=\skip52
\mathdisplay@stack=\toks21
LaTeX Info: Redefining \[ on input line 2953.
LaTeX Info: Redefining \] on input line 2954.
) (c:/Users/Sierpe/AppData/Roaming/TinyTeX/texmf-dist/tex/latex/amsfonts/amssymb.sty
Package: amssymb 2013/01/14 v3.01 AMS font symbols
(c:/Users/Sierpe/AppData/Roaming/TinyTeX/texmf-dist/tex/latex/amsfonts/amsfonts.sty
Package: amsfonts 2013/01/14 v3.01 Basic AMSFonts support
\symAMSa=\mathgroup4
\symAMSb=\mathgroup5
LaTeX Font Info:    Redeclaring math symbol \hbar on input line 98.
LaTeX Font Info:    Overwriting math alphabet `\mathfrak' in version `bold'
(Font)                  U/euf/m/n --> U/euf/b/n on input line 106.
)) (c:/Users/Sierpe/AppData/Roaming/TinyTeX/texmf-dist/tex/generic/iftex/iftex.sty
Package: iftex 2022/02/03 v1.0f TeX engine tests
) (c:/Users/Sierpe/AppData/Roaming/TinyTeX/texmf-dist/tex/latex/base/fontenc.sty
Package: fontenc 2021/04/29 v2.0v Standard LaTeX package
) (c:/Users/Sierpe/AppData/Roaming/TinyTeX/texmf-dist/tex/latex/base/inputenc.sty
Package: inputenc 2021/02/14 v1.3d Input encoding file
\inpenc@prehook=\toks22
\inpenc@posthook=\toks23
) (c:/Users/Sierpe/AppData/Roaming/TinyTeX/texmf-dist/tex/latex/base/textcomp.sty
Package: textcomp 2020/02/02 v2.0n Standard LaTeX package
) (c:/Users/Sierpe/AppData/Roaming/TinyTeX/texmf-dist/tex/latex/lm/lmodern.sty
Package: lmodern 2015/05/01 v1.6.1 Latin Modern Fonts
LaTeX Font Info:    Overwriting symbol font `operators' in version `normal'
(Font)                  OT1/cmr/m/n --> OT1/lmr/m/n on input line 22.
LaTeX Font Info:    Overwriting symbol font `letters' in version `normal'
(Font)                  OML/cmm/m/it --> OML/lmm/m/it on input line 23.
LaTeX Font Info:    Overwriting symbol font `symbols' in version `normal'
(Font)                  OMS/cmsy/m/n --> OMS/lmsy/m/n on input line 24.
LaTeX Font Info:    Overwriting symbol font `largesymbols' in version `normal'
(Font)                  OMX/cmex/m/n --> OMX/lmex/m/n on input line 25.
LaTeX Font Info:    Overwriting symbol font `operators' in version `bold'
(Font)                  OT1/cmr/bx/n --> OT1/lmr/bx/n on input line 26.
LaTeX Font Info:    Overwriting symbol font `letters' in version `bold'
(Font)                  OML/cmm/b/it --> OML/lmm/b/it on input line 27.
LaTeX Font Info:    Overwriting symbol font `symbols' in version `bold'
(Font)                  OMS/cmsy/b/n --> OMS/lmsy/b/n on input line 28.
LaTeX Font Info:    Overwriting symbol font `largesymbols' in version `bold'
(Font)                  OMX/cmex/m/n --> OMX/lmex/m/n on input line 29.
LaTeX Font Info:    Overwriting math alphabet `\mathbf' in version `normal'
(Font)                  OT1/cmr/bx/n --> OT1/lmr/bx/n on input line 31.
LaTeX Font Info:    Overwriting math alphabet `\mathsf' in version `normal'
(Font)                  OT1/cmss/m/n --> OT1/lmss/m/n on input line 32.
LaTeX Font Info:    Overwriting math alphabet `\mathit' in version `normal'
(Font)                  OT1/cmr/m/it --> OT1/lmr/m/it on input line 33.
LaTeX Font Info:    Overwriting math alphabet `\mathtt' in version `normal'
(Font)                  OT1/cmtt/m/n --> OT1/lmtt/m/n on input line 34.
LaTeX Font Info:    Overwriting math alphabet `\mathbf' in version `bold'
(Font)                  OT1/cmr/bx/n --> OT1/lmr/bx/n on input line 35.
LaTeX Font Info:    Overwriting math alphabet `\mathsf' in version `bold'
(Font)                  OT1/cmss/bx/n --> OT1/lmss/bx/n on input line 36.
LaTeX Font Info:    Overwriting math alphabet `\mathit' in version `bold'
(Font)                  OT1/cmr/bx/it --> OT1/lmr/bx/it on input line 37.
LaTeX Font Info:    Overwriting math alphabet `\mathtt' in version `bold'
(Font)                  OT1/cmtt/m/n --> OT1/lmtt/m/n on input line 38.
) (c:/Users/Sierpe/AppData/Roaming/TinyTeX/texmf-dist/tex/latex/xcolor/xcolor.sty
Package: xcolor 2022/06/12 v2.14 LaTeX color extensions (UK)
(c:/Users/Sierpe/AppData/Roaming/TinyTeX/texmf-dist/tex/latex/graphics-cfg/color.cfg
File: color.cfg 2016/01/02 v1.6 sample color configuration
)
Package xcolor Info: Driver file: pdftex.def on input line 227.
(c:/Users/Sierpe/AppData/Roaming/TinyTeX/texmf-dist/tex/latex/graphics-def/pdftex.def
File: pdftex.def 2022/09/22 v1.2b Graphics/color driver for pdftex
) (c:/Users/Sierpe/AppData/Roaming/TinyTeX/texmf-dist/tex/latex/graphics/mathcolor.ltx)
Package xcolor Info: Model `cmy' substituted by `cmy0' on input line 1353.
Package xcolor Info: Model `hsb' substituted by `rgb' on input line 1357.
Package xcolor Info: Model `RGB' extended on input line 1369.
Package xcolor Info: Model `HTML' substituted by `rgb' on input line 1371.
Package xcolor Info: Model `Hsb' substituted by `hsb' on input line 1372.
Package xcolor Info: Model `tHsb' substituted by `hsb' on input line 1373.
Package xcolor Info: Model `HSB' substituted by `hsb' on input line 1374.
Package xcolor Info: Model `Gray' substituted by `gray' on input line 1375.
Package xcolor Info: Model `wave' substituted by `hsb' on input line 1376.
) (c:/Users/Sierpe/AppData/Roaming/TinyTeX/texmf-dist/tex/latex/geometry/geometry.sty
Package: geometry 2020/01/02 v5.9 Page Geometry
(c:/Users/Sierpe/AppData/Roaming/TinyTeX/texmf-dist/tex/latex/graphics/keyval.sty
Package: keyval 2022/05/29 v1.15 key=value parser (DPC)
\KV@toks@=\toks24
) (c:/Users/Sierpe/AppData/Roaming/TinyTeX/texmf-dist/tex/generic/iftex/ifvtex.sty
Package: ifvtex 2019/10/25 v1.7 ifvtex legacy package. Use iftex instead.
)
\Gm@cnth=\count271
\Gm@cntv=\count272
\c@Gm@tempcnt=\count273
\Gm@bindingoffset=\dimen150
\Gm@wd@mp=\dimen151
\Gm@odd@mp=\dimen152
\Gm@even@mp=\dimen153
\Gm@layoutwidth=\dimen154
\Gm@layoutheight=\dimen155
\Gm@layouthoffset=\dimen156
\Gm@layoutvoffset=\dimen157
\Gm@dimlist=\toks25
) (c:/Users/Sierpe/AppData/Roaming/TinyTeX/texmf-dist/tex/latex/fancyvrb/fancyvrb.sty
Package: fancyvrb 2023/01/19 4.5a verbatim text (tvz,hv)
\FV@CodeLineNo=\count274
\FV@InFile=\read2
\FV@TabBox=\box53
\c@FancyVerbLine=\count275
\FV@StepNumber=\count276
\FV@OutFile=\write3
) (c:/Users/Sierpe/AppData/Roaming/TinyTeX/texmf-dist/tex/latex/framed/framed.sty
Package: framed 2011/10/22 v 0.96: framed or shaded text with page breaks
\OuterFrameSep=\skip53
\fb@frw=\dimen158
\fb@frh=\dimen159
\FrameRule=\dimen160
\FrameSep=\dimen161
) (c:/Users/Sierpe/AppData/Roaming/TinyTeX/texmf-dist/tex/latex/tools/longtable.sty
Package: longtable 2021-09-01 v4.17 Multi-page Table package (DPC)
\LTleft=\skip54
\LTright=\skip55
\LTpre=\skip56
\LTpost=\skip57
\LTchunksize=\count277
\LTcapwidth=\dimen162
\LT@head=\box54
\LT@firsthead=\box55
\LT@foot=\box56
\LT@lastfoot=\box57
\LT@gbox=\box58
\LT@cols=\count278
\LT@rows=\count279
\c@LT@tables=\count280
\c@LT@chunks=\count281
\LT@p@ftn=\toks26
) (c:/Users/Sierpe/AppData/Roaming/TinyTeX/texmf-dist/tex/latex/booktabs/booktabs.sty
Package: booktabs 2020/01/12 v1.61803398 Publication quality tables
\heavyrulewidth=\dimen163
\lightrulewidth=\dimen164
\cmidrulewidth=\dimen165
\belowrulesep=\dimen166
\belowbottomsep=\dimen167
\aboverulesep=\dimen168
\abovetopsep=\dimen169
\cmidrulesep=\dimen170
\cmidrulekern=\dimen171
\defaultaddspace=\dimen172
\@cmidla=\count282
\@cmidlb=\count283
\@aboverulesep=\dimen173
\@belowrulesep=\dimen174
\@thisruleclass=\count284
\@lastruleclass=\count285
\@thisrulewidth=\dimen175
) (c:/Users/Sierpe/AppData/Roaming/TinyTeX/texmf-dist/tex/latex/tools/array.sty
Package: array 2022/09/04 v2.5g Tabular extension package (FMi)
\col@sep=\dimen176
\ar@mcellbox=\box59
\extrarowheight=\dimen177
\NC@list=\toks27
\extratabsurround=\skip58
\backup@length=\skip59
\ar@cellbox=\box60
) (c:/Users/Sierpe/AppData/Roaming/TinyTeX/texmf-dist/tex/latex/tools/calc.sty
Package: calc 2017/05/25 v4.3 Infix arithmetic (KKT,FJ)
\calc@Acount=\count286
\calc@Bcount=\count287
\calc@Adimen=\dimen178
\calc@Bdimen=\dimen179
\calc@Askip=\skip60
\calc@Bskip=\skip61
LaTeX Info: Redefining \setlength on input line 80.
LaTeX Info: Redefining \addtolength on input line 81.
\calc@Ccount=\count288
\calc@Cskip=\skip62
) (c:/Users/Sierpe/AppData/Roaming/TinyTeX/texmf-dist/tex/latex/etoolbox/etoolbox.sty
Package: etoolbox 2020/10/05 v2.5k e-TeX tools for LaTeX (JAW)
\etb@tempcnta=\count289
) (c:/Users/Sierpe/AppData/Roaming/TinyTeX/texmf-dist/tex/latex/mdwtools/footnote.sty
Package: footnote 1997/01/28 1.13 Save footnotes around boxes
\fn@notes=\box61
\fn@width=\dimen180
) (c:/Users/Sierpe/AppData/Roaming/TinyTeX/texmf-dist/tex/latex/graphics/graphicx.sty
Package: graphicx 2021/09/16 v1.2d Enhanced LaTeX Graphics (DPC,SPQR)
(c:/Users/Sierpe/AppData/Roaming/TinyTeX/texmf-dist/tex/latex/graphics/graphics.sty
Package: graphics 2022/03/10 v1.4e Standard LaTeX Graphics (DPC,SPQR)
(c:/Users/Sierpe/AppData/Roaming/TinyTeX/texmf-dist/tex/latex/graphics/trig.sty
Package: trig 2021/08/11 v1.11 sin cos tan (DPC)
) (c:/Users/Sierpe/AppData/Roaming/TinyTeX/texmf-dist/tex/latex/graphics-cfg/graphics.cfg
File: graphics.cfg 2016/06/04 v1.11 sample graphics configuration
)
Package graphics Info: Driver file: pdftex.def on input line 107.
)
\Gin@req@height=\dimen181
\Gin@req@width=\dimen182
) (c:/Users/Sierpe/AppData/Roaming/TinyTeX/texmf-dist/tex/latex/hyperref/hyperref.sty
Package: hyperref 2023-06-25 v7.01a Hypertext links for LaTeX
(c:/Users/Sierpe/AppData/Roaming/TinyTeX/texmf-dist/tex/generic/ltxcmds/ltxcmds.sty
Package: ltxcmds 2020-05-10 v1.25 LaTeX kernel commands for general use (HO)
) (c:/Users/Sierpe/AppData/Roaming/TinyTeX/texmf-dist/tex/generic/pdftexcmds/pdftexcmds.sty
Package: pdftexcmds 2020-06-27 v0.33 Utility functions of pdfTeX for LuaTeX (HO)
(c:/Users/Sierpe/AppData/Roaming/TinyTeX/texmf-dist/tex/generic/infwarerr/infwarerr.sty
Package: infwarerr 2019/12/03 v1.5 Providing info/warning/error messages (HO)
)
Package pdftexcmds Info: \pdf@primitive is available.
Package pdftexcmds Info: \pdf@ifprimitive is available.
Package pdftexcmds Info: \pdfdraftmode found.
) (c:/Users/Sierpe/AppData/Roaming/TinyTeX/texmf-dist/tex/latex/kvsetkeys/kvsetkeys.sty
Package: kvsetkeys 2022-10-05 v1.19 Key value parser (HO)
) (c:/Users/Sierpe/AppData/Roaming/TinyTeX/texmf-dist/tex/generic/kvdefinekeys/kvdefinekeys.sty
Package: kvdefinekeys 2019-12-19 v1.6 Define keys (HO)
) (c:/Users/Sierpe/AppData/Roaming/TinyTeX/texmf-dist/tex/generic/pdfescape/pdfescape.sty
Package: pdfescape 2019/12/09 v1.15 Implements pdfTeX's escape features (HO)
) (c:/Users/Sierpe/AppData/Roaming/TinyTeX/texmf-dist/tex/latex/hycolor/hycolor.sty
Package: hycolor 2020-01-27 v1.10 Color options for hyperref/bookmark (HO)
) (c:/Users/Sierpe/AppData/Roaming/TinyTeX/texmf-dist/tex/latex/letltxmacro/letltxmacro.sty
Package: letltxmacro 2019/12/03 v1.6 Let assignment for LaTeX macros (HO)
) (c:/Users/Sierpe/AppData/Roaming/TinyTeX/texmf-dist/tex/latex/auxhook/auxhook.sty
Package: auxhook 2019-12-17 v1.6 Hooks for auxiliary files (HO)
) (c:/Users/Sierpe/AppData/Roaming/TinyTeX/texmf-dist/tex/latex/hyperref/nameref.sty
Package: nameref 2023-06-18 v2.52 Cross-referencing by name of section
(c:/Users/Sierpe/AppData/Roaming/TinyTeX/texmf-dist/tex/latex/refcount/refcount.sty
Package: refcount 2019/12/15 v3.6 Data extraction from label references (HO)
) (c:/Users/Sierpe/AppData/Roaming/TinyTeX/texmf-dist/tex/generic/gettitlestring/gettitlestring.sty
Package: gettitlestring 2019/12/15 v1.6 Cleanup title references (HO)
(c:/Users/Sierpe/AppData/Roaming/TinyTeX/texmf-dist/tex/latex/kvoptions/kvoptions.sty
Package: kvoptions 2022-06-15 v3.15 Key value format for package options (HO)
))
\c@section@level=\count290
)
\@linkdim=\dimen183
\Hy@linkcounter=\count291
\Hy@pagecounter=\count292
(c:/Users/Sierpe/AppData/Roaming/TinyTeX/texmf-dist/tex/latex/hyperref/pd1enc.def
File: pd1enc.def 2023-06-25 v7.01a Hyperref: PDFDocEncoding definition (HO)
Now handling font encoding PD1 ...
... no UTF-8 mapping file for font encoding PD1
) (c:/Users/Sierpe/AppData/Roaming/TinyTeX/texmf-dist/tex/generic/intcalc/intcalc.sty
Package: intcalc 2019/12/15 v1.3 Expandable calculations with integers (HO)
)
\Hy@SavedSpaceFactor=\count293
(c:/Users/Sierpe/AppData/Roaming/TinyTeX/texmf-dist/tex/latex/hyperref/puenc.def
File: puenc.def 2023-06-25 v7.01a Hyperref: PDF Unicode definition (HO)
Now handling font encoding PU ...
... no UTF-8 mapping file for font encoding PU
)
Package hyperref Info: Option `unicode' set `true' on input line 4050.
Package hyperref Info: Hyper figures OFF on input line 4167.
Package hyperref Info: Link nesting OFF on input line 4172.
Package hyperref Info: Hyper index ON on input line 4175.
Package hyperref Info: Plain pages OFF on input line 4182.
Package hyperref Info: Backreferencing OFF on input line 4187.
Package hyperref Info: Implicit mode ON; LaTeX internals redefined.
Package hyperref Info: Bookmarks ON on input line 4434.
\c@Hy@tempcnt=\count294
(c:/Users/Sierpe/AppData/Roaming/TinyTeX/texmf-dist/tex/latex/url/url.sty
\Urlmuskip=\muskip17
Package: url 2013/09/16  ver 3.4  Verb mode for urls, etc.
)
LaTeX Info: Redefining \url on input line 4772.
\XeTeXLinkMargin=\dimen184
(c:/Users/Sierpe/AppData/Roaming/TinyTeX/texmf-dist/tex/generic/bitset/bitset.sty
Package: bitset 2019/12/09 v1.3 Handle bit-vector datatype (HO)
(c:/Users/Sierpe/AppData/Roaming/TinyTeX/texmf-dist/tex/generic/bigintcalc/bigintcalc.sty
Package: bigintcalc 2019/12/15 v1.5 Expandable calculations on big integers (HO)
))
\Fld@menulength=\count295
\Field@Width=\dimen185
\Fld@charsize=\dimen186
Package hyperref Info: Hyper figures OFF on input line 6051.
Package hyperref Info: Link nesting OFF on input line 6056.
Package hyperref Info: Hyper index ON on input line 6059.
Package hyperref Info: backreferencing OFF on input line 6066.
Package hyperref Info: Link coloring OFF on input line 6071.
Package hyperref Info: Link coloring with OCG OFF on input line 6076.
Package hyperref Info: PDF/A mode OFF on input line 6081.
(c:/Users/Sierpe/AppData/Roaming/TinyTeX/texmf-dist/tex/latex/base/atbegshi-ltx.sty
Package: atbegshi-ltx 2021/01/10 v1.0c Emulation of the original atbegshi
package with kernel methods
)
\Hy@abspage=\count296
\c@Item=\count297
\c@Hfootnote=\count298
)
Package hyperref Info: Driver (autodetected): hpdftex.
(c:/Users/Sierpe/AppData/Roaming/TinyTeX/texmf-dist/tex/latex/hyperref/hpdftex.def
File: hpdftex.def 2023-06-25 v7.01a Hyperref driver for pdfTeX
(c:/Users/Sierpe/AppData/Roaming/TinyTeX/texmf-dist/tex/latex/base/atveryend-ltx.sty
Package: atveryend-ltx 2020/08/19 v1.0a Emulation of the original atveryend package
with kernel methods
)
\Fld@listcount=\count299
\c@bookmark@seq@number=\count300
(c:/Users/Sierpe/AppData/Roaming/TinyTeX/texmf-dist/tex/latex/rerunfilecheck/rerunfilecheck.sty
Package: rerunfilecheck 2022-07-10 v1.10 Rerun checks for auxiliary files (HO)
(c:/Users/Sierpe/AppData/Roaming/TinyTeX/texmf-dist/tex/generic/uniquecounter/uniquecounter.sty
Package: uniquecounter 2019/12/15 v1.4 Provide unlimited unique counter (HO)
)
Package uniquecounter Info: New unique counter `rerunfilecheck' on input line 285.
)
\Hy@SectionHShift=\skip63
)
LaTeX Font Info:    Trying to load font information for T1+lmr on input line 124.
(c:/Users/Sierpe/AppData/Roaming/TinyTeX/texmf-dist/tex/latex/lm/t1lmr.fd
File: t1lmr.fd 2015/05/01 v1.6.1 Font defs for Latin Modern
) (c:/Users/Sierpe/AppData/Roaming/TinyTeX/texmf-dist/tex/latex/l3backend/l3backend-pdftex.def
File: l3backend-pdftex.def 2023-04-19 L3 backend support: PDF output (pdfTeX)
\l__color_backend_stack_int=\count301
\l__pdf_internal_box=\box62
) (./S1_Informe.aux)
\openout1 = `S1_Informe.aux'.

LaTeX Font Info:    Checking defaults for OML/cmm/m/it on input line 124.
LaTeX Font Info:    ... okay on input line 124.
LaTeX Font Info:    Checking defaults for OMS/cmsy/m/n on input line 124.
LaTeX Font Info:    ... okay on input line 124.
LaTeX Font Info:    Checking defaults for OT1/cmr/m/n on input line 124.
LaTeX Font Info:    ... okay on input line 124.
LaTeX Font Info:    Checking defaults for T1/cmr/m/n on input line 124.
LaTeX Font Info:    ... okay on input line 124.
LaTeX Font Info:    Checking defaults for TS1/cmr/m/n on input line 124.
LaTeX Font Info:    ... okay on input line 124.
LaTeX Font Info:    Checking defaults for OMX/cmex/m/n on input line 124.
LaTeX Font Info:    ... okay on input line 124.
LaTeX Font Info:    Checking defaults for U/cmr/m/n on input line 124.
LaTeX Font Info:    ... okay on input line 124.
LaTeX Font Info:    Checking defaults for PD1/pdf/m/n on input line 124.
LaTeX Font Info:    ... okay on input line 124.
LaTeX Font Info:    Checking defaults for PU/pdf/m/n on input line 124.
LaTeX Font Info:    ... okay on input line 124.
(c:/Users/Sierpe/AppData/Roaming/TinyTeX/texmf-dist/tex/latex/epstopdf-pkg/epstopdf-base.sty
Package: epstopdf-base 2020-01-24 v2.11 Base part for package epstopdf
Package epstopdf-base Info: Redefining graphics rule for `.eps' on input line 485.
(c:/Users/Sierpe/AppData/Roaming/TinyTeX/texmf-dist/tex/latex/latexconfig/epstopdf-sys.cfg
File: epstopdf-sys.cfg 2010/07/13 v1.3 Configuration of (r)epstopdf for TeX Live
))
*geometry* driver: auto-detecting
*geometry* detected driver: pdftex
*geometry* verbose mode - [ preamble ] result:
* driver: pdftex
* paper: <default>
* layout: <same size as paper>
* layoutoffset:(h,v)=(0.0pt,0.0pt)
* modes: 
* h-part:(L,W,R)=(72.26999pt, 469.75502pt, 72.26999pt)
* v-part:(T,H,B)=(72.26999pt, 650.43001pt, 72.26999pt)
* \paperwidth=614.295pt
* \paperheight=794.96999pt
* \textwidth=469.75502pt
* \textheight=650.43001pt
* \oddsidemargin=0.0pt
* \evensidemargin=0.0pt
* \topmargin=-37.0pt
* \headheight=12.0pt
* \headsep=25.0pt
* \topskip=10.0pt
* \footskip=30.0pt
* \marginparwidth=65.0pt
* \marginparsep=11.0pt
* \columnsep=10.0pt
* \skip\footins=9.0pt plus 4.0pt minus 2.0pt
* \hoffset=0.0pt
* \voffset=0.0pt
* \mag=1000
* \@twocolumnfalse
* \@twosidefalse
* \@mparswitchfalse
* \@reversemarginfalse
* (1in=72.27pt=25.4mm, 1cm=28.453pt)

Package hyperref Info: Link coloring OFF on input line 124.
(./S1_Informe.out) (./S1_Informe.out)
\@outlinefile=\write4
\openout4 = `S1_Informe.out'.

LaTeX Font Info:    Trying to load font information for OT1+lmr on input line 126.
(c:/Users/Sierpe/AppData/Roaming/TinyTeX/texmf-dist/tex/latex/lm/ot1lmr.fd
File: ot1lmr.fd 2015/05/01 v1.6.1 Font defs for Latin Modern
)
LaTeX Font Info:    Trying to load font information for OML+lmm on input line 126.
(c:/Users/Sierpe/AppData/Roaming/TinyTeX/texmf-dist/tex/latex/lm/omllmm.fd
File: omllmm.fd 2015/05/01 v1.6.1 Font defs for Latin Modern
)
LaTeX Font Info:    Trying to load font information for OMS+lmsy on input line 126.
(c:/Users/Sierpe/AppData/Roaming/TinyTeX/texmf-dist/tex/latex/lm/omslmsy.fd
File: omslmsy.fd 2015/05/01 v1.6.1 Font defs for Latin Modern
)
LaTeX Font Info:    Trying to load font information for OMX+lmex on input line 126.
(c:/Users/Sierpe/AppData/Roaming/TinyTeX/texmf-dist/tex/latex/lm/omxlmex.fd
File: omxlmex.fd 2015/05/01 v1.6.1 Font defs for Latin Modern
)
LaTeX Font Info:    External font `lmex10' loaded for size
(Font)              <12> on input line 126.
LaTeX Font Info:    External font `lmex10' loaded for size
(Font)              <8> on input line 126.
LaTeX Font Info:    External font `lmex10' loaded for size
(Font)              <6> on input line 126.
LaTeX Font Info:    Trying to load font information for U+msa on input line 126.
(c:/Users/Sierpe/AppData/Roaming/TinyTeX/texmf-dist/tex/latex/amsfonts/umsa.fd
File: umsa.fd 2013/01/14 v3.01 AMS symbols A
)
LaTeX Font Info:    Trying to load font information for U+msb on input line 126.
(c:/Users/Sierpe/AppData/Roaming/TinyTeX/texmf-dist/tex/latex/amsfonts/umsb.fd
File: umsb.fd 2013/01/14 v3.01 AMS symbols B
) (./S1_Informe.toc
LaTeX Font Info:    External font `lmex10' loaded for size
(Font)              <10> on input line 2.
LaTeX Font Info:    External font `lmex10' loaded for size
(Font)              <7> on input line 2.
LaTeX Font Info:    External font `lmex10' loaded for size
(Font)              <5> on input line 2.
[1

{c:/Users/Sierpe/AppData/Roaming/TinyTeX/texmf-var/fonts/map/pdftex/updmap/pdftex.map}{c:/Users/Sierpe/AppData/Roaming/TinyTeX/texmf-dist/fonts/enc/dvips/lm/lm-ec.enc}])
\tf@toc=\write5
\openout5 = `S1_Informe.toc'.

<UTEC.png, id=149, 225.84375pt x 225.84375pt>
File: UTEC.png Graphic file (type png)
<use UTEC.png>
Package pdftex.def Info: UTEC.png  used on input line 131.
(pdftex.def)             Requested size: 93.95084pt x 93.95084pt.
LaTeX Font Info:    Trying to load font information for TS1+lmr on input line 184.
(c:/Users/Sierpe/AppData/Roaming/TinyTeX/texmf-dist/tex/latex/lm/ts1lmr.fd
File: ts1lmr.fd 2015/05/01 v1.6.1 Font defs for Latin Modern
) [2{c:/Users/Sierpe/AppData/Roaming/TinyTeX/texmf-dist/fonts/enc/dvips/lm/lm-ts1.enc} <./UTEC.png>]
LaTeX Font Info:    Trying to load font information for T1+lmtt on input line 220.
(c:/Users/Sierpe/AppData/Roaming/TinyTeX/texmf-dist/tex/latex/lm/t1lmtt.fd
File: t1lmtt.fd 2015/05/01 v1.6.1 Font defs for Latin Modern
)
LaTeX Font Info:    Font shape `T1/lmtt/bx/n' in size <10> not available
(Font)              Font shape `T1/lmtt/b/n' tried instead on input line 221.
LaTeX Font Info:    Trying to load font information for TS1+lmtt on input line 272.
(c:/Users/Sierpe/AppData/Roaming/TinyTeX/texmf-dist/tex/latex/lm/ts1lmtt.fd
File: ts1lmtt.fd 2015/05/01 v1.6.1 Font defs for Latin Modern
)
<S1_Informe_files/figure-latex/unnamed-chunk-4-1.pdf, id=166, 469.755pt x 325.215pt>
File: S1_Informe_files/figure-latex/unnamed-chunk-4-1.pdf Graphic file (type pdf)
<use S1_Informe_files/figure-latex/unnamed-chunk-4-1.pdf>
Package pdftex.def Info: S1_Informe_files/figure-latex/unnamed-chunk-4-1.pdf  used on input line 286.
(pdftex.def)             Requested size: 469.75386pt x 325.2142pt.
[3]
Overfull \hbox (102.49332pt too wide) in paragraph at lines 355--355
[]\T1/lmtt/m/n/10 +---------------------------------+--------------------+----------------------------------------------------+[] 
 []


Overfull \hbox (102.49332pt too wide) in paragraph at lines 355--355
[]\T1/lmtt/m/n/10 |      Variable                   |      Tipo          |        Restricción(Característica)                 |[] 
 []


Overfull \hbox (102.49332pt too wide) in paragraph at lines 355--355
[]\T1/lmtt/m/n/10 |                                 |                    |                                                    |[] 
 []


Overfull \hbox (102.49332pt too wide) in paragraph at lines 355--355
[]\T1/lmtt/m/n/10 +---------------------------------+--------------------+----------------------------------------------------+[] 
 []


Overfull \hbox (102.49332pt too wide) in paragraph at lines 355--355
[]\T1/lmtt/m/n/10 |                                 |                    |     Es continua porque se puede medir en una       |[] 
 []


Overfull \hbox (102.49332pt too wide) in paragraph at lines 355--355
[]\T1/lmtt/m/n/10 |Cantidad de minerales exportados |                    |     escala de valores numéricos infinita           |[] 
 []


Overfull \hbox (102.49332pt too wide) in paragraph at lines 355--355
[]\T1/lmtt/m/n/10 |durante 2021-2022 en *kilogramos*|   Continua         |     y no hay saltos o interrupciones en los        |[] 
 []


Overfull \hbox (102.49332pt too wide) in paragraph at lines 355--355
[]\T1/lmtt/m/n/10 |                                 |                    |     valores posibles.                              |[] 
 []

[4 <./S1_Informe_files/figure-latex/unnamed-chunk-4-1.pdf>]
Overfull \hbox (102.49332pt too wide) in paragraph at lines 355--355
[]\T1/lmtt/m/n/10 +---------------------------------+--------------------+----------------------------------------------------+[] 
 []


Overfull \hbox (102.49332pt too wide) in paragraph at lines 355--355
[]\T1/lmtt/m/n/10 |Cantidad de cobre exportado      |   Continua         |     Porque representa una cantidad numérica        |[] 
 []


Overfull \hbox (102.49332pt too wide) in paragraph at lines 355--355
[]\T1/lmtt/m/n/10 |en *kilogramos*                  |                    |     medible en una escala  y la medida está        |[] 
 []


Overfull \hbox (102.49332pt too wide) in paragraph at lines 355--355
[]\T1/lmtt/m/n/10 |                                 |                    |     en kilogramos.                                 |[] 
 []


Overfull \hbox (102.49332pt too wide) in paragraph at lines 355--355
[]\T1/lmtt/m/n/10 +---------------------------------+--------------------+----------------------------------------------------+[] 
 []


Overfull \hbox (102.49332pt too wide) in paragraph at lines 355--355
[]\T1/lmtt/m/n/10 |Total de ingresos generados por  |                    |     Cuantitativa continua porque representa        |[] 
 []


Overfull \hbox (102.49332pt too wide) in paragraph at lines 355--355
[]\T1/lmtt/m/n/10 |la exportación de minerales por  |   Continua         |     una cantidad numérica de ingresos en una       |[] 
 []


Overfull \hbox (102.49332pt too wide) in paragraph at lines 355--355
[]\T1/lmtt/m/n/10 |cada año en soles                |                    |     escala.                                        |[] 
 []


Overfull \hbox (102.49332pt too wide) in paragraph at lines 355--355
[]\T1/lmtt/m/n/10 +---------------------------------+--------------------+----------------------------------------------------+[] 
 []


Overfull \hbox (102.49332pt too wide) in paragraph at lines 355--355
[]\T1/lmtt/m/n/10 |Total de ingresos recaudados por |                    |     Porque representa una cantidad numérica        |[] 
 []


Overfull \hbox (102.49332pt too wide) in paragraph at lines 355--355
[]\T1/lmtt/m/n/10 |la exportación de cobre en cada  |   Continua         |     ingresos en una escala                         |[] 
 []


Overfull \hbox (102.49332pt too wide) in paragraph at lines 355--355
[]\T1/lmtt/m/n/10 |año en soles                     |                    |                                                    |[] 
 []


Overfull \hbox (102.49332pt too wide) in paragraph at lines 355--355
[]\T1/lmtt/m/n/10 +---------------------------------+--------------------+----------------------------------------------------+[] 
 []


Overfull \hbox (102.49332pt too wide) in paragraph at lines 355--355
[]\T1/lmtt/m/n/10 |                                 |                    |    Porque representa una cantidad numérica medible |[] 
 []


Overfull \hbox (102.49332pt too wide) in paragraph at lines 355--355
[]\T1/lmtt/m/n/10 |                                 |   Discreta         |    y la medida está en número de empresas          |[] 
 []


Overfull \hbox (102.49332pt too wide) in paragraph at lines 355--355
[]\T1/lmtt/m/n/10 |Número total de empresas         |                    |    exportadoras. Además, es discreta porque los    |[] 
 []


Overfull \hbox (102.49332pt too wide) in paragraph at lines 355--355
[]\T1/lmtt/m/n/10 |exportadoras de cobre            |                    |    valores posibles son números enteros            |[] 
 []


Overfull \hbox (102.49332pt too wide) in paragraph at lines 355--355
[]\T1/lmtt/m/n/10 |                                 |                    |    y no hay valores fraccionarios o continuos.     |[] 
 []


Overfull \hbox (102.49332pt too wide) in paragraph at lines 355--355
[]\T1/lmtt/m/n/10 +---------------------------------+--------------------+----------------------------------------------------+[] 
 []


Overfull \hbox (102.49332pt too wide) in paragraph at lines 355--355
[]\T1/lmtt/m/n/10 |Número total de registro de      |                    |                                                    |[] 
 []


Overfull \hbox (102.49332pt too wide) in paragraph at lines 355--355
[]\T1/lmtt/m/n/10 |exportaciones                    |   Discreta         |    Ya que son cantidades exactas                   |[] 
 []


Overfull \hbox (102.49332pt too wide) in paragraph at lines 355--355
[]\T1/lmtt/m/n/10 |                                 |                    |    en el que no incluye números fraccionarios.     |[] 
 []


Overfull \hbox (102.49332pt too wide) in paragraph at lines 355--355
[]\T1/lmtt/m/n/10 +---------------------------------+--------------------+----------------------------------------------------+[] 
 []


Overfull \hbox (102.49332pt too wide) in paragraph at lines 355--355
[]\T1/lmtt/m/n/10 |Total de minerales exportados    |   Discreta         |    Es una variable cuantitativa discreta ya que    |[] 
 []


Overfull \hbox (102.49332pt too wide) in paragraph at lines 355--355
[]\T1/lmtt/m/n/10 |                                 |                    |    son cantidades exactas.                         |[] 
 []


Overfull \hbox (102.49332pt too wide) in paragraph at lines 355--355
[]\T1/lmtt/m/n/10 +---------------------------------+--------------------+----------------------------------------------------+[] 
 []


Overfull \hbox (102.49332pt too wide) in paragraph at lines 355--355
[]\T1/lmtt/m/n/10 |Años 2021 y 2022.                |  Discreta          |    Representa a un tiempo determinado.             |[] 
 []


Overfull \hbox (102.49332pt too wide) in paragraph at lines 355--355
[]\T1/lmtt/m/n/10 |                                 |                    |    Asimismo, el analisis del año 2021, permitirá   |[] 
 []


Overfull \hbox (102.49332pt too wide) in paragraph at lines 355--355
[]\T1/lmtt/m/n/10 |                                 |                    |    la comparación respecto al siguiente año.       |[] 
 []


Overfull \hbox (102.49332pt too wide) in paragraph at lines 355--355
[]\T1/lmtt/m/n/10 +---------------------------------+--------------------+----------------------------------------------------+[] 
 []


Overfull \hbox (102.49332pt too wide) in paragraph at lines 393--393
[]\T1/lmtt/m/n/10 +---------------------------------+--------------------+----------------------------------------------------+[] 
 []


Overfull \hbox (102.49332pt too wide) in paragraph at lines 393--393
[]\T1/lmtt/m/n/10 |      Variable                   |      Tipo          |        Restricción(Característica)                 |[] 
 []


Overfull \hbox (102.49332pt too wide) in paragraph at lines 393--393
[]\T1/lmtt/m/n/10 |                                 |                    |                                                    |[] 
 []


Overfull \hbox (102.49332pt too wide) in paragraph at lines 393--393
[]\T1/lmtt/m/n/10 +---------------------------------+--------------------+----------------------------------------------------+[] 
 []


Overfull \hbox (102.49332pt too wide) in paragraph at lines 393--393
[]\T1/lmtt/m/n/10 | Países de destino               |    Nominal         |Es una variable catégorica nominal ya que los       |[] 
 []


Overfull \hbox (102.49332pt too wide) in paragraph at lines 393--393
[]\T1/lmtt/m/n/10 |                                 |                    |países se pueden clasificar en diferentes           |[] 
 []


Overfull \hbox (102.49332pt too wide) in paragraph at lines 393--393
[]\T1/lmtt/m/n/10 |                                 |                    |categorías sin una escala numérica que los ordene.  |[] 
 []


Overfull \hbox (102.49332pt too wide) in paragraph at lines 393--393
[]\T1/lmtt/m/n/10 |                                 |                    |                                                    |[] 
 []


Overfull \hbox (102.49332pt too wide) in paragraph at lines 393--393
[]\T1/lmtt/m/n/10 +---------------------------------+--------------------+----------------------------------------------------+[] 
 []


Overfull \hbox (102.49332pt too wide) in paragraph at lines 393--393
[]\T1/lmtt/m/n/10 | Empresas exportadoras.          |    Nominal         |Porque se puede analizar cuales fueron las empresas |[] 
 []


Overfull \hbox (102.49332pt too wide) in paragraph at lines 393--393
[]\T1/lmtt/m/n/10 |                                 |                    |que exportaron mas y cuales no                      |[] 
 []


Overfull \hbox (102.49332pt too wide) in paragraph at lines 393--393
[]\T1/lmtt/m/n/10 |                                 |                    |                                                    |[] 
 []


Overfull \hbox (102.49332pt too wide) in paragraph at lines 393--393
[]\T1/lmtt/m/n/10 +---------------------------------+--------------------+----------------------------------------------------+[] 
 []


Overfull \hbox (102.49332pt too wide) in paragraph at lines 393--393
[]\T1/lmtt/m/n/10 |Minerales.                       |    Nominal         |Es una variable catégorica nominal porque se puede  |[] 
 []


Overfull \hbox (102.49332pt too wide) in paragraph at lines 393--393
[]\T1/lmtt/m/n/10 |                                 |                    |clasificar en diferentes categorias, por lo que, se |[] 
 []


Overfull \hbox (102.49332pt too wide) in paragraph at lines 393--393
[]\T1/lmtt/m/n/10 |                                 |                    |pueden  analizar y comparar las distintas           |[] 
 []


Overfull \hbox (102.49332pt too wide) in paragraph at lines 393--393
[]\T1/lmtt/m/n/10 |                                 |                    |cualidadesque estos presentan..                     |[] 
 []


Overfull \hbox (102.49332pt too wide) in paragraph at lines 393--393
[]\T1/lmtt/m/n/10 +---------------------------------+--------------------+----------------------------------------------------+[] 
 []


Overfull \hbox (102.49332pt too wide) in paragraph at lines 393--393
[]\T1/lmtt/m/n/10 |Sectores económicos.             |    Nominal         |Porque se puede clasificar en diferentes categorias |[] 
 []

[5]
Overfull \hbox (102.49332pt too wide) in paragraph at lines 393--393
[]\T1/lmtt/m/n/10 |                                 |                    |y con ello podemos analizar la estructura económica |[] 
 []


Overfull \hbox (102.49332pt too wide) in paragraph at lines 393--393
[]\T1/lmtt/m/n/10 |                                 |                    |del sector minero en el año 2021, y 2022.           |[] 
 []


Overfull \hbox (102.49332pt too wide) in paragraph at lines 393--393
[]\T1/lmtt/m/n/10 |                                 |                    |                                                    |[] 
 []


Overfull \hbox (102.49332pt too wide) in paragraph at lines 393--393
[]\T1/lmtt/m/n/10 +---------------------------------+--------------------+----------------------------------------------------+[] 
 []


Overfull \hbox (102.49332pt too wide) in paragraph at lines 393--393
[]\T1/lmtt/m/n/10 |Meses del año.                   |     Ordinal        |Es una variable catégorica ordinal ya que tienen una|[] 
 []


Overfull \hbox (102.49332pt too wide) in paragraph at lines 393--393
[]\T1/lmtt/m/n/10 |                                 |                    |escala numérica que permite ordenar las categorías  |[] 
 []


Overfull \hbox (102.49332pt too wide) in paragraph at lines 393--393
[]\T1/lmtt/m/n/10 |                                 |                    |en una jerarquía.                                   |[] 
 []


Overfull \hbox (102.49332pt too wide) in paragraph at lines 393--393
[]\T1/lmtt/m/n/10 +---------------------------------+--------------------+----------------------------------------------------+[] 
 []


Overfull \hbox (102.49332pt too wide) in paragraph at lines 393--393
[]\T1/lmtt/m/n/10 |Empresas con más divisas.        |    Ordinal         |ya que se pueden ordenar las empresas según la      |[] 
 []


Overfull \hbox (102.49332pt too wide) in paragraph at lines 393--393
[]\T1/lmtt/m/n/10 |                                 |                    |cantidad de divisas que generan o manejan,          |[] 
 []


Overfull \hbox (102.49332pt too wide) in paragraph at lines 393--393
[]\T1/lmtt/m/n/10 |                                 |                    |es decir,hay una jerarquía de por medio.            |[] 
 []


Overfull \hbox (102.49332pt too wide) in paragraph at lines 393--393
[]\T1/lmtt/m/n/10 +---------------------------------+--------------------+----------------------------------------------------+[] 
 []

[6] [7] [8]

LaTeX Font Warning: Font shape `T1/lmtt/bx/it' in size <10> not available
(Font)              Font shape `T1/lmtt/b/sl' tried instead on input line 663.

[9] [10] [11]
Overfull \hbox (569.74196pt too wide) in paragraph at lines 1053--1053
[]\T1/lmtt/m/n/10 ##  $ Exportador     : chr [1:527] "SOCIEDAD MINERA CERRO VERDE S.A.A." "COMPAÑIA MINERA ANTAMINA S.A." "TRAFIGURA PERU SOCIEDAD ANONIMA CERRADA - TRAFIGURA PERU S.A.C." "MINERA LAS BAMBAS S.A." ...[] 
 []

[12]
Overfull \hbox (569.74196pt too wide) in paragraph at lines 1154--1154
[]\T1/lmtt/m/n/10 ##  $ Exportador     : chr [1:527] "SOCIEDAD MINERA CERRO VERDE S.A.A." "COMPAÑIA MINERA ANTAMINA S.A." "TRAFIGURA PERU SOCIEDAD ANONIMA CERRADA - TRAFIGURA PERU S.A.C." "MINERA LAS BAMBAS S.A." ...[] 
 []

[13] [14] [15] [16] [17] [18]
Overfull \hbox (863.7411pt too wide) in paragraph at lines 1731--1731
[]\T1/lmtt/m/n/10 ##  $ Descripción Partida Aduanera: chr [1:24] "2603000000 MINERALES DE COBRE Y SUS CONCENTRADOS" "2603000000 MINERALES DE COBRE Y SUS CONCENTRADOS" "2603000000 MINERALES DE COBRE Y SUS CONCENTRADOS" "2603000000 MINERALES DE COBRE Y SUS CONCENTRADOS" ...[] 
 []


Overfull \hbox (28.99353pt too wide) in paragraph at lines 1731--1731
[]\T1/lmtt/m/n/10 ##  $ Total KG                    : num [1:24] 5.90e+08 6.08e+08 6.18e+08 6.36e+08 6.61e+08 ...[] 
 []


Overfull \hbox (28.99353pt too wide) in paragraph at lines 1731--1731
[]\T1/lmtt/m/n/10 ##  $ US$                         : num [1:24] 1.16e+09 1.32e+09 1.39e+09 1.35e+09 1.64e+09 ...[] 
 []

[19] [20]
Overfull \hbox (826.99121pt too wide) in paragraph at lines 1930--1930
[]\T1/lmtt/m/n/10 ##  $ Descrip_Part_Aduanera: chr [1:24] "2603000000 MINERALES DE COBRE Y SUS CONCENTRADOS" "2603000000 MINERALES DE COBRE Y SUS CONCENTRADOS" "2603000000 MINERALES DE COBRE Y SUS CONCENTRADOS" "2603000000 MINERALES DE COBRE Y SUS CONCENTRADOS" ...[] 
 []


Overfull \hbox (18.49356pt too wide) in paragraph at lines 1930--1930
[]\T1/lmtt/m/n/10 ##  $ Anio                 : int [1:24] 2021 2021 2021 2021 2021 2021 2021 2021 2021 2021 ...[] 
 []

[21]
<S1_Informe_files/figure-latex/unnamed-chunk-50-1.pdf, id=303, 469.755pt x 325.215pt>
File: S1_Informe_files/figure-latex/unnamed-chunk-50-1.pdf Graphic file (type pdf)
<use S1_Informe_files/figure-latex/unnamed-chunk-50-1.pdf>
Package pdftex.def Info: S1_Informe_files/figure-latex/unnamed-chunk-50-1.pdf  used on input line 1970.
(pdftex.def)             Requested size: 469.75386pt x 325.2142pt.
[22 <./S1_Informe_files/figure-latex/unnamed-chunk-50-1.pdf>]
<S1_Informe_files/figure-latex/unnamed-chunk-54-1.pdf, id=322, 469.755pt x 325.215pt>
File: S1_Informe_files/figure-latex/unnamed-chunk-54-1.pdf Graphic file (type pdf)
<use S1_Informe_files/figure-latex/unnamed-chunk-54-1.pdf>
Package pdftex.def Info: S1_Informe_files/figure-latex/unnamed-chunk-54-1.pdf  used on input line 2048.
(pdftex.def)             Requested size: 469.75386pt x 325.2142pt.
[23] [24 <./S1_Informe_files/figure-latex/unnamed-chunk-54-1.pdf>]
<S1_Informe_files/figure-latex/unnamed-chunk-56-1.pdf, id=342, 469.755pt x 325.215pt>
File: S1_Informe_files/figure-latex/unnamed-chunk-56-1.pdf Graphic file (type pdf)
<use S1_Informe_files/figure-latex/unnamed-chunk-56-1.pdf>
Package pdftex.def Info: S1_Informe_files/figure-latex/unnamed-chunk-56-1.pdf  used on input line 2123.
(pdftex.def)             Requested size: 469.75386pt x 325.2142pt.
[25 <./S1_Informe_files/figure-latex/unnamed-chunk-56-1.pdf>]
<S1_Informe_files/figure-latex/unnamed-chunk-58-1.pdf, id=359, 469.755pt x 325.215pt>
File: S1_Informe_files/figure-latex/unnamed-chunk-58-1.pdf Graphic file (type pdf)
<use S1_Informe_files/figure-latex/unnamed-chunk-58-1.pdf>
Package pdftex.def Info: S1_Informe_files/figure-latex/unnamed-chunk-58-1.pdf  used on input line 2187.
(pdftex.def)             Requested size: 469.75386pt x 325.2142pt.
[26 <./S1_Informe_files/figure-latex/unnamed-chunk-58-1.pdf>] [27]
<S1_Informe_files/figure-latex/unnamed-chunk-65-1.pdf, id=384, 469.755pt x 325.215pt>
File: S1_Informe_files/figure-latex/unnamed-chunk-65-1.pdf Graphic file (type pdf)
<use S1_Informe_files/figure-latex/unnamed-chunk-65-1.pdf>
Package pdftex.def Info: S1_Informe_files/figure-latex/unnamed-chunk-65-1.pdf  used on input line 2374.
(pdftex.def)             Requested size: 469.75386pt x 325.2142pt.
[28]
<S1_Informe_files/figure-latex/unnamed-chunk-67-1.pdf, id=397, 469.755pt x 325.215pt>
File: S1_Informe_files/figure-latex/unnamed-chunk-67-1.pdf Graphic file (type pdf)
<use S1_Informe_files/figure-latex/unnamed-chunk-67-1.pdf>
Package pdftex.def Info: S1_Informe_files/figure-latex/unnamed-chunk-67-1.pdf  used on input line 2414.
(pdftex.def)             Requested size: 469.75386pt x 325.2142pt.

Overfull \hbox (206.9245pt too wide) in paragraph at lines 2414--2415
 []\T1/lmr/bx/n/10 Gráfico 7: Des-ti-nos de ex-portación 2021[] [] 
 []

[29 <./S1_Informe_files/figure-latex/unnamed-chunk-65-1.pdf>] [30 <./S1_Informe_files/figure-latex/unnamed-chunk-67-1.pdf>]
<S1_Informe_files/figure-latex/unnamed-chunk-70-1.pdf, id=426, 469.755pt x 325.215pt>
File: S1_Informe_files/figure-latex/unnamed-chunk-70-1.pdf Graphic file (type pdf)
<use S1_Informe_files/figure-latex/unnamed-chunk-70-1.pdf>
Package pdftex.def Info: S1_Informe_files/figure-latex/unnamed-chunk-70-1.pdf  used on input line 2487.
(pdftex.def)             Requested size: 469.75386pt x 325.2142pt.
[31 <./S1_Informe_files/figure-latex/unnamed-chunk-70-1.pdf>]
<S1_Informe_files/figure-latex/unnamed-chunk-72-1.pdf, id=441, 469.755pt x 325.215pt>
File: S1_Informe_files/figure-latex/unnamed-chunk-72-1.pdf Graphic file (type pdf)
<use S1_Informe_files/figure-latex/unnamed-chunk-72-1.pdf>
Package pdftex.def Info: S1_Informe_files/figure-latex/unnamed-chunk-72-1.pdf  used on input line 2526.
(pdftex.def)             Requested size: 469.75386pt x 325.2142pt.

Overfull \hbox (206.9245pt too wide) in paragraph at lines 2526--2527
 []\T1/lmr/bx/n/10 Gráfico 9: Des-ti-nos de ex-portación 2022[] [] 
 []

[32 <./S1_Informe_files/figure-latex/unnamed-chunk-72-1.pdf>]
<S1_Informe_files/figure-latex/unnamed-chunk-76-1.pdf, id=454, 469.755pt x 325.215pt>
File: S1_Informe_files/figure-latex/unnamed-chunk-76-1.pdf Graphic file (type pdf)
<use S1_Informe_files/figure-latex/unnamed-chunk-76-1.pdf>
Package pdftex.def Info: S1_Informe_files/figure-latex/unnamed-chunk-76-1.pdf  used on input line 2606.
(pdftex.def)             Requested size: 469.75386pt x 325.2142pt.

Overfull \hbox (259.95105pt too wide) in paragraph at lines 2606--2607
 []\T1/lmr/bx/n/10 Gráfico 10: Ex-portación del sec-tor minero del 2021[] [] 
 []

[33 <./S1_Informe_files/figure-latex/unnamed-chunk-76-1.pdf>]
<S1_Informe_files/figure-latex/unnamed-chunk-78-1.pdf, id=470, 469.755pt x 325.215pt>
File: S1_Informe_files/figure-latex/unnamed-chunk-78-1.pdf Graphic file (type pdf)
<use S1_Informe_files/figure-latex/unnamed-chunk-78-1.pdf>
Package pdftex.def Info: S1_Informe_files/figure-latex/unnamed-chunk-78-1.pdf  used on input line 2701.
(pdftex.def)             Requested size: 469.75386pt x 325.2142pt.

Overfull \hbox (369.33206pt too wide) in paragraph at lines 2701--2702
 []\T1/lmr/bx/n/10 Gráfico 11: Pro-por-ción de in-gre-sos de so-ciedades ex-por-ta-do-ras en el 2021[] [] 
 []

[34] [35 <./S1_Informe_files/figure-latex/unnamed-chunk-78-1.pdf>]
<S1_Informe_files/figure-latex/unnamed-chunk-82-1.pdf, id=495, 469.755pt x 325.215pt>
File: S1_Informe_files/figure-latex/unnamed-chunk-82-1.pdf Graphic file (type pdf)
<use S1_Informe_files/figure-latex/unnamed-chunk-82-1.pdf>
Package pdftex.def Info: S1_Informe_files/figure-latex/unnamed-chunk-82-1.pdf  used on input line 2789.
(pdftex.def)             Requested size: 469.75386pt x 325.2142pt.
[36] [37 <./S1_Informe_files/figure-latex/unnamed-chunk-82-1.pdf>]
<S1_Informe_files/figure-latex/unnamed-chunk-87-1.pdf, id=513, 469.755pt x 325.215pt>
File: S1_Informe_files/figure-latex/unnamed-chunk-87-1.pdf Graphic file (type pdf)
<use S1_Informe_files/figure-latex/unnamed-chunk-87-1.pdf>
Package pdftex.def Info: S1_Informe_files/figure-latex/unnamed-chunk-87-1.pdf  used on input line 2899.
(pdftex.def)             Requested size: 469.75386pt x 325.2142pt.

Overfull \hbox (247.81903pt too wide) in paragraph at lines 2899--2900
 []\T1/lmr/bx/n/10 Gráfico 13: De-manda de co-bre del 2021 Men-sual[] [] 
 []

[38] [39 <./S1_Informe_files/figure-latex/unnamed-chunk-87-1.pdf>]
<S1_Informe_files/figure-latex/unnamed-chunk-88-1.pdf, id=536, 469.755pt x 325.215pt>
File: S1_Informe_files/figure-latex/unnamed-chunk-88-1.pdf Graphic file (type pdf)
<use S1_Informe_files/figure-latex/unnamed-chunk-88-1.pdf>
Package pdftex.def Info: S1_Informe_files/figure-latex/unnamed-chunk-88-1.pdf  used on input line 2969.
(pdftex.def)             Requested size: 469.75386pt x 325.2142pt.

Overfull \hbox (251.01353pt too wide) in paragraph at lines 2969--2970
 []\T1/lmr/bx/n/10 Gráfico 14: De-manda del co-bre del 2022 Men-sual[] [] 
 []

[40 <./S1_Informe_files/figure-latex/unnamed-chunk-88-1.pdf>]
<S1_Informe_files/figure-latex/unnamed-chunk-89-1.pdf, id=551, 469.755pt x 325.215pt>
File: S1_Informe_files/figure-latex/unnamed-chunk-89-1.pdf Graphic file (type pdf)
<use S1_Informe_files/figure-latex/unnamed-chunk-89-1.pdf>
Package pdftex.def Info: S1_Informe_files/figure-latex/unnamed-chunk-89-1.pdf  used on input line 3027.
(pdftex.def)             Requested size: 469.75386pt x 325.2142pt.

Overfull \hbox (332.40834pt too wide) in paragraph at lines 3027--3028
 []\T1/lmr/bx/n/10 Gráfico 15: Com-para-ción de la de-manda del co-bre del 2021 y 2022[] [] 
 []

<S1_Informe_files/figure-latex/unnamed-chunk-92-1.pdf, id=552, 469.755pt x 325.215pt>
File: S1_Informe_files/figure-latex/unnamed-chunk-92-1.pdf Graphic file (type pdf)
<use S1_Informe_files/figure-latex/unnamed-chunk-92-1.pdf>
Package pdftex.def Info: S1_Informe_files/figure-latex/unnamed-chunk-92-1.pdf  used on input line 3075.
(pdftex.def)             Requested size: 469.75386pt x 325.2142pt.

Overfull \hbox (285.21423pt too wide) in paragraph at lines 3075--3076
 []\T1/lmr/bx/n/10 Gráfico 16: Pre-cio prome-dio del co-bre en-tre 2021 y 2022[] [] 
 []

[41 <./S1_Informe_files/figure-latex/unnamed-chunk-89-1.pdf>]
<S1_Informe_files/figure-latex/unnamed-chunk-93-1.pdf, id=565, 469.755pt x 325.215pt>
File: S1_Informe_files/figure-latex/unnamed-chunk-93-1.pdf Graphic file (type pdf)
<use S1_Informe_files/figure-latex/unnamed-chunk-93-1.pdf>
Package pdftex.def Info: S1_Informe_files/figure-latex/unnamed-chunk-93-1.pdf  used on input line 3106.
(pdftex.def)             Requested size: 469.75386pt x 325.2142pt.

Overfull \hbox (306.07724pt too wide) in paragraph at lines 3106--3107
 []\T1/lmr/bx/n/10 Gráfico 17: Os-cilación del pre-cio prome-dio del co-bre en 2021[] [] 
 []

[42 <./S1_Informe_files/figure-latex/unnamed-chunk-92-1.pdf>]
<S1_Informe_files/figure-latex/unnamed-chunk-94-1.pdf, id=580, 469.755pt x 325.215pt>
File: S1_Informe_files/figure-latex/unnamed-chunk-94-1.pdf Graphic file (type pdf)
<use S1_Informe_files/figure-latex/unnamed-chunk-94-1.pdf>
Package pdftex.def Info: S1_Informe_files/figure-latex/unnamed-chunk-94-1.pdf  used on input line 3136.
(pdftex.def)             Requested size: 469.75386pt x 325.2142pt.

Overfull \hbox (337.67278pt too wide) in paragraph at lines 3136--3137
 []\T1/lmr/bx/n/10 Gráfico 18: Fluc-tuación del pre-cio prome-dio del co-bre del año 2022[] [] 
 []

[43 <./S1_Informe_files/figure-latex/unnamed-chunk-93-1.pdf>] [44 <./S1_Informe_files/figure-latex/unnamed-chunk-94-1.pdf>]
<S1_Informe_files/figure-latex/unnamed-chunk-97-1.pdf, id=612, 469.755pt x 325.215pt>
File: S1_Informe_files/figure-latex/unnamed-chunk-97-1.pdf Graphic file (type pdf)
<use S1_Informe_files/figure-latex/unnamed-chunk-97-1.pdf>
Package pdftex.def Info: S1_Informe_files/figure-latex/unnamed-chunk-97-1.pdf  used on input line 3186.
(pdftex.def)             Requested size: 469.75386pt x 325.2142pt.

Underfull \hbox (badness 2057) in paragraph at lines 3186--3187
 []\T1/lmr/bx/n/10 Gráfico 19: Com-para-ción de mil-lones de dolares men-sual en-tre año 2021 y 2022[]
 []

<S1_Informe_files/figure-latex/unnamed-chunk-98-1.pdf, id=613, 469.755pt x 325.215pt>
File: S1_Informe_files/figure-latex/unnamed-chunk-98-1.pdf Graphic file (type pdf)
<use S1_Informe_files/figure-latex/unnamed-chunk-98-1.pdf>
Package pdftex.def Info: S1_Informe_files/figure-latex/unnamed-chunk-98-1.pdf  used on input line 3207.
(pdftex.def)             Requested size: 469.75386pt x 325.2142pt.
[45 <./S1_Informe_files/figure-latex/unnamed-chunk-97-1.pdf>]
<S1_Informe_files/figure-latex/unnamed-chunk-99-1.pdf, id=627, 469.755pt x 325.215pt>
File: S1_Informe_files/figure-latex/unnamed-chunk-99-1.pdf Graphic file (type pdf)
<use S1_Informe_files/figure-latex/unnamed-chunk-99-1.pdf>
Package pdftex.def Info: S1_Informe_files/figure-latex/unnamed-chunk-99-1.pdf  used on input line 3228.
(pdftex.def)             Requested size: 469.75386pt x 325.2142pt.
[46 <./S1_Informe_files/figure-latex/unnamed-chunk-98-1.pdf>]
<S1_Informe_files/figure-latex/unnamed-chunk-101-1.pdf, id=640, 469.755pt x 325.215pt>
File: S1_Informe_files/figure-latex/unnamed-chunk-101-1.pdf Graphic file (type pdf)
<use S1_Informe_files/figure-latex/unnamed-chunk-101-1.pdf>
Package pdftex.def Info: S1_Informe_files/figure-latex/unnamed-chunk-101-1.pdf  used on input line 3260.
(pdftex.def)             Requested size: 469.75386pt x 325.2142pt.
[47 <./S1_Informe_files/figure-latex/unnamed-chunk-99-1.pdf>] [48 <./S1_Informe_files/figure-latex/unnamed-chunk-101-1.pdf>]
<S1_Informe_files/figure-latex/unnamed-chunk-105-1.pdf, id=668, 469.755pt x 325.215pt>
File: S1_Informe_files/figure-latex/unnamed-chunk-105-1.pdf Graphic file (type pdf)
<use S1_Informe_files/figure-latex/unnamed-chunk-105-1.pdf>
Package pdftex.def Info: S1_Informe_files/figure-latex/unnamed-chunk-105-1.pdf  used on input line 3386.
(pdftex.def)             Requested size: 469.75386pt x 325.2142pt.
[49] [50 <./S1_Informe_files/figure-latex/unnamed-chunk-105-1.pdf>]

LaTeX Warning: Command \~ invalid in math mode on input line 3505.

[51{c:/Users/Sierpe/AppData/Roaming/TinyTeX/texmf-dist/fonts/enc/dvips/lm/lm-mathit.enc}{c:/Users/Sierpe/AppData/Roaming/TinyTeX/texmf-dist/fonts/enc/dvips/lm/lm-rm.enc}{c:/Users/Sierpe/AppData/Roaming/TinyTeX/texmf-dist/fonts/enc/dvips/lm/lm-mathsy.enc}]

LaTeX Warning: Command \~ invalid in math mode on input line 3530.


LaTeX Warning: Command \~ invalid in math mode on input line 3555.


LaTeX Warning: Command \~ invalid in math mode on input line 3580.

[52]

LaTeX Warning: Command \' invalid in math mode on input line 3605.


LaTeX Warning: Command \' invalid in math mode on input line 3606.


LaTeX Warning: Command \~ invalid in math mode on input line 3607.


Overfull \hbox (102.49332pt too wide) in paragraph at lines 3617--3617
[]\T1/lmtt/m/n/10 ## [1] "La probabilidad que representa el numero de empresas exportadoras esten presentes en 2021 y 2022 es:"[] 
 []

[53]

LaTeX Warning: Command \' invalid in math mode on input line 3720.


Overfull \hbox (79.14064pt too wide) in paragraph at lines 3719--3721
 []\T1/lmr/bx/n/10 Análisis 2022[] \T1/lmr/m/n/10 Res-olu-ción: $\OT1/lmr/m/n/10 
 = \OMS/lmsy/m/n/10 f\OML/lmm/m/it/10 Empresas del \OT1/lmr/m/n/10 2022\OMS/lmsy/m/n/10 g$ $\OML/lmm/m/it/10 A \OT1/lmr/m/n/10 = \OMS/lmsy/m/n/10 f\OML/lmm/m/it/10 Cantidad de empresas que su n\OT1/lmr/m/n/10 ú\OML/lmm/m/it/10 mero de registro es mayor a \OT1/lmr/m/n/10 1\OMS/lmsy/m/n/10 g[] 
 []

[54] [55]

LaTeX Warning: Command \~ invalid in math mode on input line 3899.


Overfull \hbox (43.53502pt too wide) detected at line 3899
[] \OML/lmm/m/it/10 La probabilidad del evento atomico A que las empresas del a\OT1/lmr/m/n/10 ñ\OML/lmm/m/it/10 o hayan tenido ingresos menores a la media es \OT1/lmr/m/n/10 0\OML/lmm/m/it/10 :\OT1/lmr/m/n/10 787234
 []

[56] [57]

LaTeX Warning: Command \~ invalid in math mode on input line 3993.


Overfull \hbox (23.53502pt too wide) detected at line 3993
[] \OML/lmm/m/it/10 La probabilidad del evento atomico A que las empresas del a\OT1/lmr/m/n/10 ñ\OML/lmm/m/it/10 o hayan tenido ingresos menores a la media es \OT1/lmr/m/n/10 0\OML/lmm/m/it/10 :\OT1/lmr/m/n/10 78
 []

[58] [59] [60]
Overfull \hbox (190.8262pt too wide) detected at line 4236
\OML/lmm/m/it/10 La probabilidad de que las empresas tengan un numero de registros mayor o igual a \OT1/lmr/m/n/10 90[] \OML/lmm/m/it/10 dado que se sabia que superaban la media de millones de dolares
 []

[61] [62]

LaTeX Warning: Command \' invalid in math mode on input line 4402.


LaTeX Warning: Command \' invalid in math mode on input line 4403.

[63] [64]

LaTeX Warning: Command \' invalid in math mode on input line 4571.


LaTeX Warning: Command \' invalid in math mode on input line 4572.

[65]

LaTeX Warning: Command \' invalid in math mode on input line 4660.


Overfull \hbox (252.94977pt too wide) detected at line 4660
\OML/lmm/m/it/10 La probabilidad de que las empresas sean de un n\OT1/lmr/m/n/10 ú\OML/lmm/m/it/10 mero de registro mayor a \OT1/lmr/m/n/10 2 \OML/lmm/m/it/10 dado que la cantidad[] que exporto en el mes de diciembre fue mayor a \OT1/lmr/m/n/10 10433357\OML/lmm/m/it/10 :\OT1/lmr/m/n/10 50 \OML/lmm/m/it/10 es \OT1/lmr/m/n/10 0\OML/lmm/m/it/10 :\OT1/lmr/m/n/10 7
 []

[66] [67] [68]
Overfull \hbox (3.82758pt too wide) detected at line 4796
\OML/lmm/m/it/10 Los atomicos A y B son dependientes porque no cumple ninguna de las propiedades para ser independientes
 []

[69]
Overfull \hbox (55.75938pt too wide) detected at line 4872
\OML/lmm/m/it/10 La probabilidad de que el pais sea asiatico dado que su Tm importadas superan a la media es \OT1/lmr/m/n/10 1 \OML/lmm/m/it/10 es decir un evento seguro
 []


LaTeX Warning: Command \' invalid in math mode on input line 4888.


LaTeX Warning: Command \' invalid in math mode on input line 4888.

[70] [71]

LaTeX Warning: Command \' invalid in math mode on input line 5031.

<S1_Informe_files/figure-latex/unnamed-chunk-205-1.pdf, id=821, 469.755pt x 325.215pt>
File: S1_Informe_files/figure-latex/unnamed-chunk-205-1.pdf Graphic file (type pdf)
<use S1_Informe_files/figure-latex/unnamed-chunk-205-1.pdf>
Package pdftex.def Info: S1_Informe_files/figure-latex/unnamed-chunk-205-1.pdf  used on input line 5080.
(pdftex.def)             Requested size: 469.75386pt x 325.2142pt.

Overfull \hbox (114.63802pt too wide) in paragraph at lines 5080--5082
 []\T1/lmr/bx/n/10 Grafico 24: Bernoulli[] []
 []

[72{c:/Users/Sierpe/AppData/Roaming/TinyTeX/texmf-dist/fonts/enc/dvips/lm/lm-mathex.enc}]

LaTeX Warning: Command \' invalid in math mode on input line 5103.

[73 <./S1_Informe_files/figure-latex/unnamed-chunk-205-1.pdf>]
<S1_Informe_files/figure-latex/unnamed-chunk-208-1.pdf, id=843, 469.755pt x 325.215pt>
File: S1_Informe_files/figure-latex/unnamed-chunk-208-1.pdf Graphic file (type pdf)
<use S1_Informe_files/figure-latex/unnamed-chunk-208-1.pdf>
Package pdftex.def Info: S1_Informe_files/figure-latex/unnamed-chunk-208-1.pdf  used on input line 5193.
(pdftex.def)             Requested size: 469.75386pt x 325.2142pt.

Overfull \hbox (113.41501pt too wide) in paragraph at lines 5193--5195
 []\T1/lmr/bx/n/10 Grafico 25: Bi-no-mial[] []
 []

[74] [75 <./S1_Informe_files/figure-latex/unnamed-chunk-208-1.pdf>] [76] [77]
<S1_Informe_files/figure-latex/unnamed-chunk-213-1.pdf, id=878, 469.755pt x 325.215pt>
File: S1_Informe_files/figure-latex/unnamed-chunk-213-1.pdf Graphic file (type pdf)
<use S1_Informe_files/figure-latex/unnamed-chunk-213-1.pdf>
Package pdftex.def Info: S1_Informe_files/figure-latex/unnamed-chunk-213-1.pdf  used on input line 5410.
(pdftex.def)             Requested size: 469.75386pt x 325.2142pt.

Overfull \hbox (173.7627pt too wide) in paragraph at lines 5410--5412
 []\T1/lmr/bx/n/10 Gráfico 26: Den-si-dad Acu-mu-lada[] []
 []

[78 <./S1_Informe_files/figure-latex/unnamed-chunk-213-1.pdf>] [79]

LaTeX Warning: Command \' invalid in math mode on input line 5561.


LaTeX Warning: Command \~ invalid in math mode on input line 5561.

<S1_Informe_files/figure-latex/unnamed-chunk-217-1.pdf, id=898, 469.755pt x 325.215pt>
File: S1_Informe_files/figure-latex/unnamed-chunk-217-1.pdf Graphic file (type pdf)
<use S1_Informe_files/figure-latex/unnamed-chunk-217-1.pdf>
Package pdftex.def Info: S1_Informe_files/figure-latex/unnamed-chunk-217-1.pdf  used on input line 5595.
(pdftex.def)             Requested size: 469.75386pt x 325.2142pt.

Overfull \hbox (191.8517pt too wide) in paragraph at lines 5595--5596
 []\T1/lmr/bx/n/10 Grafico 27: Prob-a-bil-i-dad Acu-mu-lada[] [] 
 []

[80]
<S1_Informe_files/figure-latex/unnamed-chunk-218-1.pdf, id=905, 469.755pt x 325.215pt>
File: S1_Informe_files/figure-latex/unnamed-chunk-218-1.pdf Graphic file (type pdf)
<use S1_Informe_files/figure-latex/unnamed-chunk-218-1.pdf>
Package pdftex.def Info: S1_Informe_files/figure-latex/unnamed-chunk-218-1.pdf  used on input line 5626.
(pdftex.def)             Requested size: 469.75386pt x 325.2142pt.

Overfull \hbox (173.7627pt too wide) in paragraph at lines 5626--5627
 []\T1/lmr/bx/n/10 Grafico 28: Den-si-dad Acu-mu-lada[] [] 
 []

[81 <./S1_Informe_files/figure-latex/unnamed-chunk-217-1.pdf>] [82 <./S1_Informe_files/figure-latex/unnamed-chunk-218-1.pdf>] (./S1_Informe.aux)
 ***********
LaTeX2e <2023-06-01> patch level 1
L3 programming layer <2023-06-30>
 ***********
Package rerunfilecheck Info: File `S1_Informe.out' has not changed.
(rerunfilecheck)             Checksum: E3453BC1294CF34FA4E2EFB983D9B905;4293.
 ) 
Here is how much of TeX's memory you used:
 12332 strings out of 477196
 201814 string characters out of 5812178
 1973238 words of memory out of 5000000
 32783 multiletter control sequences out of 15000+600000
 617595 words of font info for 84 fonts, out of 8000000 for 9000
 14 hyphenation exceptions out of 8191
 75i,8n,79p,1534b,588s stack positions out of 10000i,1000n,20000p,200000b,200000s
<c:/Users/Sierpe/AppData/Roaming/TinyTeX/texmf-dist/fonts/type1/public/lm/lmbx10.pfb><c:/Users/Sierpe/AppData/Roaming/TinyTeX/texmf-dist/fonts/type1/public/lm/lmbx12.pfb><c:/Users/Sierpe/AppData/Roaming/TinyTeX/texmf-dist/fonts/type1/public/lm/lmbxi10.pfb><c:/Users/Sierpe/AppData/Roaming/TinyTeX/texmf-dist/fonts/type1/public/lm/lmex10.pfb><c:/Users/Sierpe/AppData/Roaming/TinyTeX/texmf-dist/fonts/type1/public/lm/lmmi10.pfb><c:/Users/Sierpe/AppData/Roaming/TinyTeX/texmf-dist/fonts/type1/public/lm/lmmi7.pfb><c:/Users/Sierpe/AppData/Roaming/TinyTeX/texmf-dist/fonts/type1/public/lm/lmr10.pfb><c:/Users/Sierpe/AppData/Roaming/TinyTeX/texmf-dist/fonts/type1/public/lm/lmr12.pfb><c:/Users/Sierpe/AppData/Roaming/TinyTeX/texmf-dist/fonts/type1/public/lm/lmr7.pfb><c:/Users/Sierpe/AppData/Roaming/TinyTeX/texmf-dist/fonts/type1/public/lm/lmri10.pfb><c:/Users/Sierpe/AppData/Roaming/TinyTeX/texmf-dist/fonts/type1/public/lm/lmsy10.pfb><c:/Users/Sierpe/AppData/Roaming/TinyTeX/texmf-dist/fonts/type1/public/lm/lmsy7.pfb><c:/Users/Sierpe/AppData/Roaming/TinyTeX/texmf-dist/fonts/type1/public/lm/lmtk10.pfb><c:/Users/Sierpe/AppData/Roaming/TinyTeX/texmf-dist/fonts/type1/public/lm/lmtko10.pfb><c:/Users/Sierpe/AppData/Roaming/TinyTeX/texmf-dist/fonts/type1/public/lm/lmtt10.pfb><c:/Users/Sierpe/AppData/Roaming/TinyTeX/texmf-dist/fonts/type1/public/lm/lmtti10.pfb><c:/Users/Sierpe/AppData/Roaming/TinyTeX/texmf-dist/fonts/type1/public/amsfonts/symbols/msam10.pfb><c:/Users/Sierpe/AppData/Roaming/TinyTeX/texmf-dist/fonts/type1/public/amsfonts/symbols/msam7.pfb>
Output written on S1_Informe.pdf (82 pages, 612692 bytes).
PDF statistics:
 1093 PDF objects out of 1200 (max. 8388607)
 902 compressed objects within 10 object streams
 334 named destinations out of 1000 (max. 500000)
 362 words of extra memory for PDF output out of 10000 (max. 10000000)

